{
  "C:\\Users\\Administrator\\Desktop\\MG.com\\maximiliangarmatsch.com\\src\\helpers\\ErrorBoundary.js": {
    "path": "C:\\Users\\Administrator\\Desktop\\MG.com\\maximiliangarmatsch.com\\src\\helpers\\ErrorBoundary.js",
    "statementMap": {
      "0": {
        "start": {
          "line": 6,
          "column": 8
        },
        "end": {
          "line": 6,
          "column": 21
        }
      },
      "1": {
        "start": {
          "line": 7,
          "column": 8
        },
        "end": {
          "line": 10,
          "column": 10
        }
      },
      "2": {
        "start": {
          "line": 15,
          "column": 8
        },
        "end": {
          "line": 15,
          "column": 34
        }
      },
      "3": {
        "start": {
          "line": 19,
          "column": 8
        },
        "end": {
          "line": 23,
          "column": 11
        }
      },
      "4": {
        "start": {
          "line": 20,
          "column": 12
        },
        "end": {
          "line": 20,
          "column": 39
        }
      },
      "5": {
        "start": {
          "line": 21,
          "column": 28
        },
        "end": {
          "line": 21,
          "column": 58
        }
      },
      "6": {
        "start": {
          "line": 22,
          "column": 12
        },
        "end": {
          "line": 22,
          "column": 39
        }
      },
      "7": {
        "start": {
          "line": 28,
          "column": 8
        },
        "end": {
          "line": 30,
          "column": 9
        }
      },
      "8": {
        "start": {
          "line": 32,
          "column": 8
        },
        "end": {
          "line": 32,
          "column": 35
        }
      }
    },
    "fnMap": {
      "0": {
        "name": "(anonymous_0)",
        "decl": {
          "start": {
            "line": 5,
            "column": 4
          },
          "end": {
            "line": 5,
            "column": 5
          }
        },
        "loc": {
          "start": {
            "line": 5,
            "column": 23
          },
          "end": {
            "line": 11,
            "column": 5
          }
        },
        "line": 5
      },
      "1": {
        "name": "(anonymous_1)",
        "decl": {
          "start": {
            "line": 13,
            "column": 4
          },
          "end": {
            "line": 13,
            "column": 5
          }
        },
        "loc": {
          "start": {
            "line": 13,
            "column": 38
          },
          "end": {
            "line": 16,
            "column": 5
          }
        },
        "line": 13
      },
      "2": {
        "name": "(anonymous_2)",
        "decl": {
          "start": {
            "line": 18,
            "column": 4
          },
          "end": {
            "line": 18,
            "column": 5
          }
        },
        "loc": {
          "start": {
            "line": 18,
            "column": 40
          },
          "end": {
            "line": 24,
            "column": 5
          }
        },
        "line": 18
      },
      "3": {
        "name": "(anonymous_3)",
        "decl": {
          "start": {
            "line": 19,
            "column": 25
          },
          "end": {
            "line": 19,
            "column": 26
          }
        },
        "loc": {
          "start": {
            "line": 19,
            "column": 34
          },
          "end": {
            "line": 23,
            "column": 9
          }
        },
        "line": 19
      },
      "4": {
        "name": "(anonymous_4)",
        "decl": {
          "start": {
            "line": 26,
            "column": 4
          },
          "end": {
            "line": 26,
            "column": 5
          }
        },
        "loc": {
          "start": {
            "line": 26,
            "column": 13
          },
          "end": {
            "line": 33,
            "column": 5
          }
        },
        "line": 26
      }
    },
    "branchMap": {
      "0": {
        "loc": {
          "start": {
            "line": 28,
            "column": 8
          },
          "end": {
            "line": 30,
            "column": 9
          }
        },
        "type": "if",
        "locations": [
          {
            "start": {
              "line": 28,
              "column": 8
            },
            "end": {
              "line": 30,
              "column": 9
            }
          },
          {
            "start": {
              "line": 28,
              "column": 8
            },
            "end": {
              "line": 30,
              "column": 9
            }
          }
        ],
        "line": 28
      }
    },
    "s": {
      "0": 1,
      "1": 1,
      "2": 0,
      "3": 0,
      "4": 0,
      "5": 0,
      "6": 0,
      "7": 2,
      "8": 2
    },
    "f": {
      "0": 1,
      "1": 0,
      "2": 0,
      "3": 0,
      "4": 2
    },
    "b": {
      "0": [
        0,
        2
      ]
    },
    "_coverageSchema": "1a1c01bbd47fc00a2c39e90264f33305004495a9",
    "hash": "d87586af0b55847e1e4f9f914a8d1b5dee7cd813"
  },
  "C:\\Users\\Administrator\\Desktop\\MG.com\\maximiliangarmatsch.com\\src\\locales\\index.js": {
    "path": "C:\\Users\\Administrator\\Desktop\\MG.com\\maximiliangarmatsch.com\\src\\locales\\index.js",
    "statementMap": {
      "0": {
        "start": {
          "line": 4,
          "column": 28
        },
        "end": {
          "line": 4,
          "column": 38
        }
      }
    },
    "fnMap": {},
    "branchMap": {},
    "s": {
      "0": 1
    },
    "f": {},
    "b": {},
    "_coverageSchema": "1a1c01bbd47fc00a2c39e90264f33305004495a9",
    "hash": "03002d07122a4c8d63eff5c304fc5f4cf399a96a"
  },
  "C:\\Users\\Administrator\\Desktop\\MG.com\\maximiliangarmatsch.com\\src\\helpers\\LocaleProvider.js": {
    "path": "C:\\Users\\Administrator\\Desktop\\MG.com\\maximiliangarmatsch.com\\src\\helpers\\LocaleProvider.js",
    "statementMap": {
      "0": {
        "start": {
          "line": 5,
          "column": 17
        },
        "end": {
          "line": 9,
          "column": 17
        }
      },
      "1": {
        "start": {
          "line": 10,
          "column": 19
        },
        "end": {
          "line": 10,
          "column": 68
        }
      },
      "2": {
        "start": {
          "line": 11,
          "column": 17
        },
        "end": {
          "line": 11,
          "column": 41
        }
      },
      "3": {
        "start": {
          "line": 14,
          "column": 4
        },
        "end": {
          "line": 18,
          "column": 6
        }
      }
    },
    "fnMap": {
      "0": {
        "name": "LocaleProvider",
        "decl": {
          "start": {
            "line": 13,
            "column": 9
          },
          "end": {
            "line": 13,
            "column": 23
          }
        },
        "loc": {
          "start": {
            "line": 13,
            "column": 38
          },
          "end": {
            "line": 19,
            "column": 1
          }
        },
        "line": 13
      }
    },
    "branchMap": {
      "0": {
        "loc": {
          "start": {
            "line": 6,
            "column": 4
          },
          "end": {
            "line": 8,
            "column": 26
          }
        },
        "type": "binary-expr",
        "locations": [
          {
            "start": {
              "line": 6,
              "column": 5
            },
            "end": {
              "line": 6,
              "column": 24
            }
          },
          {
            "start": {
              "line": 6,
              "column": 28
            },
            "end": {
              "line": 6,
              "column": 50
            }
          },
          {
            "start": {
              "line": 7,
              "column": 4
            },
            "end": {
              "line": 7,
              "column": 22
            }
          },
          {
            "start": {
              "line": 8,
              "column": 4
            },
            "end": {
              "line": 8,
              "column": 26
            }
          }
        ],
        "line": 6
      },
      "1": {
        "loc": {
          "start": {
            "line": 10,
            "column": 19
          },
          "end": {
            "line": 10,
            "column": 68
          }
        },
        "type": "cond-expr",
        "locations": [
          {
            "start": {
              "line": 10,
              "column": 53
            },
            "end": {
              "line": 10,
              "column": 61
            }
          },
          {
            "start": {
              "line": 10,
              "column": 64
            },
            "end": {
              "line": 10,
              "column": 68
            }
          }
        ],
        "line": 10
      }
    },
    "s": {
      "0": 1,
      "1": 1,
      "2": 1,
      "3": 2
    },
    "f": {
      "0": 2
    },
    "b": {
      "0": [
        1,
        1,
        0,
        0
      ],
      "1": [
        1,
        0
      ]
    },
    "_coverageSchema": "1a1c01bbd47fc00a2c39e90264f33305004495a9",
    "hash": "2cea44db85f711c01531ea50abbb0daad7fada23"
  },
  "C:\\Users\\Administrator\\Desktop\\MG.com\\maximiliangarmatsch.com\\src\\config\\theme.js": {
    "path": "C:\\Users\\Administrator\\Desktop\\MG.com\\maximiliangarmatsch.com\\src\\config\\theme.js",
    "statementMap": {
      "0": {
        "start": {
          "line": 1,
          "column": 20
        },
        "end": {
          "line": 1,
          "column": 68
        }
      },
      "1": {
        "start": {
          "line": 3,
          "column": 0
        },
        "end": {
          "line": 3,
          "column": 32
        }
      },
      "2": {
        "start": {
          "line": 4,
          "column": 0
        },
        "end": {
          "line": 4,
          "column": 32
        }
      },
      "3": {
        "start": {
          "line": 5,
          "column": 0
        },
        "end": {
          "line": 5,
          "column": 32
        }
      },
      "4": {
        "start": {
          "line": 6,
          "column": 0
        },
        "end": {
          "line": 6,
          "column": 32
        }
      },
      "5": {
        "start": {
          "line": 7,
          "column": 0
        },
        "end": {
          "line": 7,
          "column": 33
        }
      }
    },
    "fnMap": {},
    "branchMap": {},
    "s": {
      "0": 1,
      "1": 1,
      "2": 1,
      "3": 1,
      "4": 1,
      "5": 1
    },
    "f": {},
    "b": {},
    "_coverageSchema": "1a1c01bbd47fc00a2c39e90264f33305004495a9",
    "hash": "dadcf0ffacf3fbbd9443c3a7418260a1ef536b86"
  },
  "C:\\Users\\Administrator\\Desktop\\MG.com\\maximiliangarmatsch.com\\src\\context\\SizeContext.js": {
    "path": "C:\\Users\\Administrator\\Desktop\\MG.com\\maximiliangarmatsch.com\\src\\context\\SizeContext.js",
    "statementMap": {
      "0": {
        "start": {
          "line": 3,
          "column": 27
        },
        "end": {
          "line": 3,
          "column": 44
        }
      }
    },
    "fnMap": {},
    "branchMap": {},
    "s": {
      "0": 1
    },
    "f": {},
    "b": {},
    "_coverageSchema": "1a1c01bbd47fc00a2c39e90264f33305004495a9",
    "hash": "3c73490ff8d7a00956db6f4bbce25816ad1d844f"
  },
  "C:\\Users\\Administrator\\Desktop\\MG.com\\maximiliangarmatsch.com\\src\\ui\\components\\Base\\Base.js": {
    "path": "C:\\Users\\Administrator\\Desktop\\MG.com\\maximiliangarmatsch.com\\src\\ui\\components\\Base\\Base.js",
    "statementMap": {
      "0": {
        "start": {
          "line": 14,
          "column": 19
        },
        "end": {
          "line": 17,
          "column": 1
        }
      },
      "1": {
        "start": {
          "line": 15,
          "column": 13
        },
        "end": {
          "line": 15,
          "column": 22
        }
      },
      "2": {
        "start": {
          "line": 18,
          "column": 0
        },
        "end": {
          "line": 26,
          "column": 2
        }
      },
      "3": {
        "start": {
          "line": 28,
          "column": 20
        },
        "end": {
          "line": 28,
          "column": 33
        }
      },
      "4": {
        "start": {
          "line": 29,
          "column": 0
        },
        "end": {
          "line": 29,
          "column": 40
        }
      },
      "5": {
        "start": {
          "line": 31,
          "column": 20
        },
        "end": {
          "line": 31,
          "column": 33
        }
      },
      "6": {
        "start": {
          "line": 32,
          "column": 0
        },
        "end": {
          "line": 37,
          "column": 2
        }
      },
      "7": {
        "start": {
          "line": 39,
          "column": 19
        },
        "end": {
          "line": 43,
          "column": 1
        }
      },
      "8": {
        "start": {
          "line": 45,
          "column": 20
        },
        "end": {
          "line": 48,
          "column": 2
        }
      },
      "9": {
        "start": {
          "line": 46,
          "column": 34
        },
        "end": {
          "line": 46,
          "column": 39
        }
      },
      "10": {
        "start": {
          "line": 47,
          "column": 4
        },
        "end": {
          "line": 47,
          "column": 78
        }
      }
    },
    "fnMap": {
      "0": {
        "name": "(anonymous_0)",
        "decl": {
          "start": {
            "line": 15,
            "column": 4
          },
          "end": {
            "line": 15,
            "column": 5
          }
        },
        "loc": {
          "start": {
            "line": 15,
            "column": 13
          },
          "end": {
            "line": 15,
            "column": 22
          }
        },
        "line": 15
      },
      "1": {
        "name": "(anonymous_1)",
        "decl": {
          "start": {
            "line": 45,
            "column": 31
          },
          "end": {
            "line": 45,
            "column": 32
          }
        },
        "loc": {
          "start": {
            "line": 45,
            "column": 47
          },
          "end": {
            "line": 48,
            "column": 1
          }
        },
        "line": 45
      }
    },
    "branchMap": {
      "0": {
        "loc": {
          "start": {
            "line": 47,
            "column": 31
          },
          "end": {
            "line": 47,
            "column": 53
          }
        },
        "type": "binary-expr",
        "locations": [
          {
            "start": {
              "line": 47,
              "column": 31
            },
            "end": {
              "line": 47,
              "column": 39
            }
          },
          {
            "start": {
              "line": 47,
              "column": 43
            },
            "end": {
              "line": 47,
              "column": 53
            }
          }
        ],
        "line": 47
      }
    },
    "s": {
      "0": 1,
      "1": 202,
      "2": 1,
      "3": 1,
      "4": 1,
      "5": 1,
      "6": 1,
      "7": 1,
      "8": 1,
      "9": 173,
      "10": 173
    },
    "f": {
      "0": 202,
      "1": 173
    },
    "b": {
      "0": [
        173,
        0
      ]
    },
    "_coverageSchema": "1a1c01bbd47fc00a2c39e90264f33305004495a9",
    "hash": "d58c797f08a04b7c9dc60d5ebd6034339d74da25"
  },
  "C:\\Users\\Administrator\\Desktop\\MG.com\\maximiliangarmatsch.com\\src\\ui\\templates\\components\\Header\\TextLogo.js": {
    "path": "C:\\Users\\Administrator\\Desktop\\MG.com\\maximiliangarmatsch.com\\src\\ui\\templates\\components\\Header\\TextLogo.js",
    "statementMap": {
      "0": {
        "start": {
          "line": 6,
          "column": 4
        },
        "end": {
          "line": 38,
          "column": 6
        }
      }
    },
    "fnMap": {
      "0": {
        "name": "TextLogo",
        "decl": {
          "start": {
            "line": 5,
            "column": 24
          },
          "end": {
            "line": 5,
            "column": 32
          }
        },
        "loc": {
          "start": {
            "line": 5,
            "column": 35
          },
          "end": {
            "line": 39,
            "column": 1
          }
        },
        "line": 5
      }
    },
    "branchMap": {},
    "s": {
      "0": 2
    },
    "f": {
      "0": 2
    },
    "b": {},
    "_coverageSchema": "1a1c01bbd47fc00a2c39e90264f33305004495a9",
    "hash": "2cdc546e40e1e0f4d3b00f5f425f430419849ece"
  },
  "C:\\Users\\Administrator\\Desktop\\MG.com\\maximiliangarmatsch.com\\src\\ui\\components\\PortfolioIcons\\Icon.js": {
    "path": "C:\\Users\\Administrator\\Desktop\\MG.com\\maximiliangarmatsch.com\\src\\ui\\components\\PortfolioIcons\\Icon.js",
    "statementMap": {
      "0": {
        "start": {
          "line": 15,
          "column": 4
        },
        "end": {
          "line": 28,
          "column": 6
        }
      }
    },
    "fnMap": {
      "0": {
        "name": "Icon",
        "decl": {
          "start": {
            "line": 5,
            "column": 24
          },
          "end": {
            "line": 5,
            "column": 28
          }
        },
        "loc": {
          "start": {
            "line": 14,
            "column": 3
          },
          "end": {
            "line": 29,
            "column": 1
          }
        },
        "line": 14
      }
    },
    "branchMap": {
      "0": {
        "loc": {
          "start": {
            "line": 17,
            "column": 16
          },
          "end": {
            "line": 17,
            "column": 34
          }
        },
        "type": "cond-expr",
        "locations": [
          {
            "start": {
              "line": 17,
              "column": 24
            },
            "end": {
              "line": 17,
              "column": 28
            }
          },
          {
            "start": {
              "line": 17,
              "column": 31
            },
            "end": {
              "line": 17,
              "column": 34
            }
          }
        ],
        "line": 17
      },
      "1": {
        "loc": {
          "start": {
            "line": 19,
            "column": 15
          },
          "end": {
            "line": 19,
            "column": 71
          }
        },
        "type": "binary-expr",
        "locations": [
          {
            "start": {
              "line": 19,
              "column": 15
            },
            "end": {
              "line": 19,
              "column": 21
            }
          },
          {
            "start": {
              "line": 19,
              "column": 25
            },
            "end": {
              "line": 19,
              "column": 71
            }
          }
        ],
        "line": 19
      },
      "2": {
        "loc": {
          "start": {
            "line": 21,
            "column": 19
          },
          "end": {
            "line": 21,
            "column": 34
          }
        },
        "type": "binary-expr",
        "locations": [
          {
            "start": {
              "line": 21,
              "column": 19
            },
            "end": {
              "line": 21,
              "column": 24
            }
          },
          {
            "start": {
              "line": 21,
              "column": 28
            },
            "end": {
              "line": 21,
              "column": 34
            }
          }
        ],
        "line": 21
      },
      "3": {
        "loc": {
          "start": {
            "line": 22,
            "column": 20
          },
          "end": {
            "line": 22,
            "column": 36
          }
        },
        "type": "binary-expr",
        "locations": [
          {
            "start": {
              "line": 22,
              "column": 20
            },
            "end": {
              "line": 22,
              "column": 26
            }
          },
          {
            "start": {
              "line": 22,
              "column": 30
            },
            "end": {
              "line": 22,
              "column": 36
            }
          }
        ],
        "line": 22
      }
    },
    "s": {
      "0": 4
    },
    "f": {
      "0": 4
    },
    "b": {
      "0": [
        2,
        2
      ],
      "1": [
        4,
        0
      ],
      "2": [
        4,
        4
      ],
      "3": [
        4,
        4
      ]
    },
    "_coverageSchema": "1a1c01bbd47fc00a2c39e90264f33305004495a9",
    "hash": "53dbda9f62e45afb1dc1b8c339f8eb8061260dc7"
  },
  "C:\\Users\\Administrator\\Desktop\\MG.com\\maximiliangarmatsch.com\\src\\ui\\components\\LinkTextMeeting.js": {
    "path": "C:\\Users\\Administrator\\Desktop\\MG.com\\maximiliangarmatsch.com\\src\\ui\\components\\LinkTextMeeting.js",
    "statementMap": {
      "0": {
        "start": {
          "line": 7,
          "column": 4
        },
        "end": {
          "line": 26,
          "column": 6
        }
      }
    },
    "fnMap": {
      "0": {
        "name": "LinkTextMeeting",
        "decl": {
          "start": {
            "line": 6,
            "column": 24
          },
          "end": {
            "line": 6,
            "column": 39
          }
        },
        "loc": {
          "start": {
            "line": 6,
            "column": 42
          },
          "end": {
            "line": 27,
            "column": 1
          }
        },
        "line": 6
      }
    },
    "branchMap": {},
    "s": {
      "0": 2
    },
    "f": {
      "0": 2
    },
    "b": {},
    "_coverageSchema": "1a1c01bbd47fc00a2c39e90264f33305004495a9",
    "hash": "2ef810c02d4a97d9d245ab882a1950884771897b"
  },
  "C:\\Users\\Administrator\\Desktop\\MG.com\\maximiliangarmatsch.com\\src\\ui\\templates\\components\\Header\\HeaderMenu.js": {
    "path": "C:\\Users\\Administrator\\Desktop\\MG.com\\maximiliangarmatsch.com\\src\\ui\\templates\\components\\Header\\HeaderMenu.js",
    "statementMap": {
      "0": {
        "start": {
          "line": 8,
          "column": 22
        },
        "end": {
          "line": 8,
          "column": 45
        }
      },
      "1": {
        "start": {
          "line": 10,
          "column": 4
        },
        "end": {
          "line": 50,
          "column": 6
        }
      }
    },
    "fnMap": {
      "0": {
        "name": "HeaderMenu",
        "decl": {
          "start": {
            "line": 7,
            "column": 24
          },
          "end": {
            "line": 7,
            "column": 34
          }
        },
        "loc": {
          "start": {
            "line": 7,
            "column": 37
          },
          "end": {
            "line": 51,
            "column": 1
          }
        },
        "line": 7
      }
    },
    "branchMap": {
      "0": {
        "loc": {
          "start": {
            "line": 12,
            "column": 13
          },
          "end": {
            "line": 20,
            "column": 13
          }
        },
        "type": "binary-expr",
        "locations": [
          {
            "start": {
              "line": 12,
              "column": 13
            },
            "end": {
              "line": 12,
              "column": 22
            }
          },
          {
            "start": {
              "line": 13,
              "column": 16
            },
            "end": {
              "line": 19,
              "column": 23
            }
          }
        ],
        "line": 12
      },
      "1": {
        "loc": {
          "start": {
            "line": 23,
            "column": 20
          },
          "end": {
            "line": 25,
            "column": 64
          }
        },
        "type": "cond-expr",
        "locations": [
          {
            "start": {
              "line": 24,
              "column": 26
            },
            "end": {
              "line": 24,
              "column": 65
            }
          },
          {
            "start": {
              "line": 25,
              "column": 26
            },
            "end": {
              "line": 25,
              "column": 64
            }
          }
        ],
        "line": 23
      },
      "2": {
        "loc": {
          "start": {
            "line": 41,
            "column": 20
          },
          "end": {
            "line": 43,
            "column": 59
          }
        },
        "type": "cond-expr",
        "locations": [
          {
            "start": {
              "line": 42,
              "column": 26
            },
            "end": {
              "line": 42,
              "column": 60
            }
          },
          {
            "start": {
              "line": 43,
              "column": 26
            },
            "end": {
              "line": 43,
              "column": 59
            }
          }
        ],
        "line": 41
      }
    },
    "s": {
      "0": 2,
      "1": 2
    },
    "f": {
      "0": 2
    },
    "b": {
      "0": [
        2,
        1
      ],
      "1": [
        1,
        1
      ],
      "2": [
        1,
        1
      ]
    },
    "_coverageSchema": "1a1c01bbd47fc00a2c39e90264f33305004495a9",
    "hash": "2c114a0015a798afac50971f7a2ce491ecfb2a76"
  },
  "C:\\Users\\Administrator\\Desktop\\MG.com\\maximiliangarmatsch.com\\src\\ui\\templates\\components\\Header\\Header.js": {
    "path": "C:\\Users\\Administrator\\Desktop\\MG.com\\maximiliangarmatsch.com\\src\\ui\\templates\\components\\Header\\Header.js",
    "statementMap": {
      "0": {
        "start": {
          "line": 7,
          "column": 4
        },
        "end": {
          "line": 21,
          "column": 6
        }
      }
    },
    "fnMap": {
      "0": {
        "name": "Header",
        "decl": {
          "start": {
            "line": 6,
            "column": 24
          },
          "end": {
            "line": 6,
            "column": 30
          }
        },
        "loc": {
          "start": {
            "line": 6,
            "column": 38
          },
          "end": {
            "line": 22,
            "column": 1
          }
        },
        "line": 6
      }
    },
    "branchMap": {},
    "s": {
      "0": 2
    },
    "f": {
      "0": 2
    },
    "b": {},
    "_coverageSchema": "1a1c01bbd47fc00a2c39e90264f33305004495a9",
    "hash": "afce8372814af3f75e5d647af3cec42406b014c8"
  },
  "C:\\Users\\Administrator\\Desktop\\MG.com\\maximiliangarmatsch.com\\src\\ui\\templates\\TemplateDesktop.js": {
    "path": "C:\\Users\\Administrator\\Desktop\\MG.com\\maximiliangarmatsch.com\\src\\ui\\templates\\TemplateDesktop.js",
    "statementMap": {
      "0": {
        "start": {
          "line": 7,
          "column": 4
        },
        "end": {
          "line": 29,
          "column": 6
        }
      }
    },
    "fnMap": {
      "0": {
        "name": "TemplateDesktop",
        "decl": {
          "start": {
            "line": 6,
            "column": 24
          },
          "end": {
            "line": 6,
            "column": 39
          }
        },
        "loc": {
          "start": {
            "line": 6,
            "column": 54
          },
          "end": {
            "line": 30,
            "column": 1
          }
        },
        "line": 6
      }
    },
    "branchMap": {},
    "s": {
      "0": 1
    },
    "f": {
      "0": 1
    },
    "b": {},
    "_coverageSchema": "1a1c01bbd47fc00a2c39e90264f33305004495a9",
    "hash": "e1890ed7e6b58a16be089e7fffb0b4091699c151"
  },
  "C:\\Users\\Administrator\\Desktop\\MG.com\\maximiliangarmatsch.com\\src\\ui\\templates\\components\\Footer\\Footer.js": {
    "path": "C:\\Users\\Administrator\\Desktop\\MG.com\\maximiliangarmatsch.com\\src\\ui\\templates\\components\\Footer\\Footer.js",
    "statementMap": {
      "0": {
        "start": {
          "line": 6,
          "column": 4
        },
        "end": {
          "line": 22,
          "column": 6
        }
      }
    },
    "fnMap": {
      "0": {
        "name": "Footer",
        "decl": {
          "start": {
            "line": 5,
            "column": 24
          },
          "end": {
            "line": 5,
            "column": 30
          }
        },
        "loc": {
          "start": {
            "line": 5,
            "column": 33
          },
          "end": {
            "line": 23,
            "column": 1
          }
        },
        "line": 5
      }
    },
    "branchMap": {},
    "s": {
      "0": 1
    },
    "f": {
      "0": 1
    },
    "b": {},
    "_coverageSchema": "1a1c01bbd47fc00a2c39e90264f33305004495a9",
    "hash": "75bce932aa636e1ea97006579b5d3e410bdbb2d7"
  },
  "C:\\Users\\Administrator\\Desktop\\MG.com\\maximiliangarmatsch.com\\src\\ui\\templates\\TemplateMobile.js": {
    "path": "C:\\Users\\Administrator\\Desktop\\MG.com\\maximiliangarmatsch.com\\src\\ui\\templates\\TemplateMobile.js",
    "statementMap": {
      "0": {
        "start": {
          "line": 8,
          "column": 4
        },
        "end": {
          "line": 28,
          "column": 6
        }
      }
    },
    "fnMap": {
      "0": {
        "name": "TemplateMobile",
        "decl": {
          "start": {
            "line": 7,
            "column": 24
          },
          "end": {
            "line": 7,
            "column": 38
          }
        },
        "loc": {
          "start": {
            "line": 7,
            "column": 53
          },
          "end": {
            "line": 29,
            "column": 1
          }
        },
        "line": 7
      }
    },
    "branchMap": {},
    "s": {
      "0": 1
    },
    "f": {
      "0": 1
    },
    "b": {},
    "_coverageSchema": "1a1c01bbd47fc00a2c39e90264f33305004495a9",
    "hash": "959d73e54e636c60accbc1a20da25105fddb51ea"
  },
  "C:\\Users\\Administrator\\Desktop\\MG.com\\maximiliangarmatsch.com\\src\\helpers\\DeviceProvider.js": {
    "path": "C:\\Users\\Administrator\\Desktop\\MG.com\\maximiliangarmatsch.com\\src\\helpers\\DeviceProvider.js",
    "statementMap": {
      "0": {
        "start": {
          "line": 7,
          "column": 22
        },
        "end": {
          "line": 7,
          "column": 45
        }
      },
      "1": {
        "start": {
          "line": 8,
          "column": 4
        },
        "end": {
          "line": 16,
          "column": 6
        }
      }
    },
    "fnMap": {
      "0": {
        "name": "DeviceProvider",
        "decl": {
          "start": {
            "line": 6,
            "column": 24
          },
          "end": {
            "line": 6,
            "column": 38
          }
        },
        "loc": {
          "start": {
            "line": 6,
            "column": 53
          },
          "end": {
            "line": 17,
            "column": 1
          }
        },
        "line": 6
      }
    },
    "branchMap": {
      "0": {
        "loc": {
          "start": {
            "line": 10,
            "column": 13
          },
          "end": {
            "line": 14,
            "column": 13
          }
        },
        "type": "cond-expr",
        "locations": [
          {
            "start": {
              "line": 11,
              "column": 16
            },
            "end": {
              "line": 11,
              "column": 61
            }
          },
          {
            "start": {
              "line": 13,
              "column": 16
            },
            "end": {
              "line": 13,
              "column": 59
            }
          }
        ],
        "line": 10
      }
    },
    "s": {
      "0": 2,
      "1": 2
    },
    "f": {
      "0": 2
    },
    "b": {
      "0": [
        1,
        1
      ]
    },
    "_coverageSchema": "1a1c01bbd47fc00a2c39e90264f33305004495a9",
    "hash": "400aa3b56d16d7dab02838f0f5fb051fa530c1a3"
  },
  "C:\\Users\\Administrator\\Desktop\\MG.com\\maximiliangarmatsch.com\\src\\ui\\pages\\Landingpage\\components\\TextWelcome.js": {
    "path": "C:\\Users\\Administrator\\Desktop\\MG.com\\maximiliangarmatsch.com\\src\\ui\\pages\\Landingpage\\components\\TextWelcome.js",
    "statementMap": {
      "0": {
        "start": {
          "line": 6,
          "column": 4
        },
        "end": {
          "line": 74,
          "column": 6
        }
      }
    },
    "fnMap": {
      "0": {
        "name": "TextWelcome",
        "decl": {
          "start": {
            "line": 5,
            "column": 24
          },
          "end": {
            "line": 5,
            "column": 35
          }
        },
        "loc": {
          "start": {
            "line": 5,
            "column": 38
          },
          "end": {
            "line": 75,
            "column": 1
          }
        },
        "line": 5
      }
    },
    "branchMap": {},
    "s": {
      "0": 0
    },
    "f": {
      "0": 0
    },
    "b": {},
    "_coverageSchema": "1a1c01bbd47fc00a2c39e90264f33305004495a9",
    "hash": "ae82d6eacacdf120bbca828df61adfe6e365a5b0"
  },
  "C:\\Users\\Administrator\\Desktop\\MG.com\\maximiliangarmatsch.com\\src\\ui\\templates\\components\\CookieMessageMobile.js": {
    "path": "C:\\Users\\Administrator\\Desktop\\MG.com\\maximiliangarmatsch.com\\src\\ui\\templates\\components\\CookieMessageMobile.js",
    "statementMap": {
      "0": {
        "start": {
          "line": 7,
          "column": 4
        },
        "end": {
          "line": 75,
          "column": 6
        }
      },
      "1": {
        "start": {
          "line": 35,
          "column": 24
        },
        "end": {
          "line": 39,
          "column": 31
        }
      },
      "2": {
        "start": {
          "line": 43,
          "column": 24
        },
        "end": {
          "line": 53,
          "column": 31
        }
      }
    },
    "fnMap": {
      "0": {
        "name": "CookieMessageMobile",
        "decl": {
          "start": {
            "line": 6,
            "column": 24
          },
          "end": {
            "line": 6,
            "column": 43
          }
        },
        "loc": {
          "start": {
            "line": 6,
            "column": 62
          },
          "end": {
            "line": 76,
            "column": 1
          }
        },
        "line": 6
      },
      "1": {
        "name": "(anonymous_1)",
        "decl": {
          "start": {
            "line": 34,
            "column": 28
          },
          "end": {
            "line": 34,
            "column": 29
          }
        },
        "loc": {
          "start": {
            "line": 35,
            "column": 24
          },
          "end": {
            "line": 39,
            "column": 31
          }
        },
        "line": 35
      },
      "2": {
        "name": "(anonymous_2)",
        "decl": {
          "start": {
            "line": 42,
            "column": 28
          },
          "end": {
            "line": 42,
            "column": 29
          }
        },
        "loc": {
          "start": {
            "line": 43,
            "column": 24
          },
          "end": {
            "line": 53,
            "column": 31
          }
        },
        "line": 43
      }
    },
    "branchMap": {},
    "s": {
      "0": 0,
      "1": 0,
      "2": 0
    },
    "f": {
      "0": 0,
      "1": 0,
      "2": 0
    },
    "b": {},
    "_coverageSchema": "1a1c01bbd47fc00a2c39e90264f33305004495a9",
    "hash": "bfd84c2c2298e04c6836efb35d4afb414408ba99"
  },
  "C:\\Users\\Administrator\\Desktop\\MG.com\\maximiliangarmatsch.com\\src\\ui\\pages\\Landingpage\\components\\ShadowLayer.js": {
    "path": "C:\\Users\\Administrator\\Desktop\\MG.com\\maximiliangarmatsch.com\\src\\ui\\pages\\Landingpage\\components\\ShadowLayer.js",
    "statementMap": {
      "0": {
        "start": {
          "line": 5,
          "column": 4
        },
        "end": {
          "line": 18,
          "column": 6
        }
      }
    },
    "fnMap": {
      "0": {
        "name": "ShadowLayer",
        "decl": {
          "start": {
            "line": 4,
            "column": 24
          },
          "end": {
            "line": 4,
            "column": 35
          }
        },
        "loc": {
          "start": {
            "line": 4,
            "column": 38
          },
          "end": {
            "line": 19,
            "column": 1
          }
        },
        "line": 4
      }
    },
    "branchMap": {},
    "s": {
      "0": 0
    },
    "f": {
      "0": 0
    },
    "b": {},
    "_coverageSchema": "1a1c01bbd47fc00a2c39e90264f33305004495a9",
    "hash": "0b7c600373fd3254b6ee226d332f905c935f8331"
  },
  "C:\\Users\\Administrator\\Desktop\\MG.com\\maximiliangarmatsch.com\\src\\ui\\pages\\Landingpage\\components\\BackgroundLayerMobile.js": {
    "path": "C:\\Users\\Administrator\\Desktop\\MG.com\\maximiliangarmatsch.com\\src\\ui\\pages\\Landingpage\\components\\BackgroundLayerMobile.js",
    "statementMap": {
      "0": {
        "start": {
          "line": 7,
          "column": 54
        },
        "end": {
          "line": 7,
          "column": 69
        }
      },
      "1": {
        "start": {
          "line": 9,
          "column": 4
        },
        "end": {
          "line": 13,
          "column": 28
        }
      },
      "2": {
        "start": {
          "line": 10,
          "column": 8
        },
        "end": {
          "line": 12,
          "column": 9
        }
      },
      "3": {
        "start": {
          "line": 11,
          "column": 12
        },
        "end": {
          "line": 11,
          "column": 39
        }
      },
      "4": {
        "start": {
          "line": 15,
          "column": 25
        },
        "end": {
          "line": 18,
          "column": 5
        }
      },
      "5": {
        "start": {
          "line": 16,
          "column": 8
        },
        "end": {
          "line": 16,
          "column": 36
        }
      },
      "6": {
        "start": {
          "line": 17,
          "column": 8
        },
        "end": {
          "line": 17,
          "column": 51
        }
      },
      "7": {
        "start": {
          "line": 20,
          "column": 4
        },
        "end": {
          "line": 55,
          "column": 6
        }
      }
    },
    "fnMap": {
      "0": {
        "name": "BackgroundLayerMobile",
        "decl": {
          "start": {
            "line": 6,
            "column": 24
          },
          "end": {
            "line": 6,
            "column": 45
          }
        },
        "loc": {
          "start": {
            "line": 6,
            "column": 60
          },
          "end": {
            "line": 56,
            "column": 1
          }
        },
        "line": 6
      },
      "1": {
        "name": "(anonymous_1)",
        "decl": {
          "start": {
            "line": 9,
            "column": 14
          },
          "end": {
            "line": 9,
            "column": 15
          }
        },
        "loc": {
          "start": {
            "line": 9,
            "column": 20
          },
          "end": {
            "line": 13,
            "column": 5
          }
        },
        "line": 9
      },
      "2": {
        "name": "(anonymous_2)",
        "decl": {
          "start": {
            "line": 15,
            "column": 25
          },
          "end": {
            "line": 15,
            "column": 26
          }
        },
        "loc": {
          "start": {
            "line": 15,
            "column": 31
          },
          "end": {
            "line": 18,
            "column": 5
          }
        },
        "line": 15
      }
    },
    "branchMap": {
      "0": {
        "loc": {
          "start": {
            "line": 10,
            "column": 8
          },
          "end": {
            "line": 12,
            "column": 9
          }
        },
        "type": "if",
        "locations": [
          {
            "start": {
              "line": 10,
              "column": 8
            },
            "end": {
              "line": 12,
              "column": 9
            }
          },
          {
            "start": {
              "line": 10,
              "column": 8
            },
            "end": {
              "line": 12,
              "column": 9
            }
          }
        ],
        "line": 10
      },
      "1": {
        "loc": {
          "start": {
            "line": 10,
            "column": 12
          },
          "end": {
            "line": 10,
            "column": 71
          }
        },
        "type": "binary-expr",
        "locations": [
          {
            "start": {
              "line": 10,
              "column": 12
            },
            "end": {
              "line": 10,
              "column": 49
            }
          },
          {
            "start": {
              "line": 10,
              "column": 53
            },
            "end": {
              "line": 10,
              "column": 71
            }
          }
        ],
        "line": 10
      },
      "2": {
        "loc": {
          "start": {
            "line": 42,
            "column": 20
          },
          "end": {
            "line": 45,
            "column": 17
          }
        },
        "type": "binary-expr",
        "locations": [
          {
            "start": {
              "line": 42,
              "column": 20
            },
            "end": {
              "line": 42,
              "column": 37
            }
          },
          {
            "start": {
              "line": 43,
              "column": 20
            },
            "end": {
              "line": 45,
              "column": 17
            }
          }
        ],
        "line": 42
      },
      "3": {
        "loc": {
          "start": {
            "line": 49,
            "column": 13
          },
          "end": {
            "line": 53,
            "column": 13
          }
        },
        "type": "cond-expr",
        "locations": [
          {
            "start": {
              "line": 50,
              "column": 16
            },
            "end": {
              "line": 50,
              "column": 67
            }
          },
          {
            "start": {
              "line": 52,
              "column": 16
            },
            "end": {
              "line": 52,
              "column": 24
            }
          }
        ],
        "line": 49
      }
    },
    "s": {
      "0": 0,
      "1": 0,
      "2": 0,
      "3": 0,
      "4": 0,
      "5": 0,
      "6": 0,
      "7": 0
    },
    "f": {
      "0": 0,
      "1": 0,
      "2": 0
    },
    "b": {
      "0": [
        0,
        0
      ],
      "1": [
        0,
        0
      ],
      "2": [
        0,
        0
      ],
      "3": [
        0,
        0
      ]
    },
    "_coverageSchema": "1a1c01bbd47fc00a2c39e90264f33305004495a9",
    "hash": "1043e7a856434dda8072cb6f0ac5cb75b7b47f69"
  },
  "C:\\Users\\Administrator\\Desktop\\MG.com\\maximiliangarmatsch.com\\src\\ui\\pages\\Landingpage\\components\\IconButtonBig.js": {
    "path": "C:\\Users\\Administrator\\Desktop\\MG.com\\maximiliangarmatsch.com\\src\\ui\\pages\\Landingpage\\components\\IconButtonBig.js",
    "statementMap": {
      "0": {
        "start": {
          "line": 6,
          "column": 4
        },
        "end": {
          "line": 34,
          "column": 6
        }
      }
    },
    "fnMap": {
      "0": {
        "name": "IconButtonBig",
        "decl": {
          "start": {
            "line": 5,
            "column": 24
          },
          "end": {
            "line": 5,
            "column": 37
          }
        },
        "loc": {
          "start": {
            "line": 5,
            "column": 72
          },
          "end": {
            "line": 35,
            "column": 1
          }
        },
        "line": 5
      }
    },
    "branchMap": {
      "0": {
        "loc": {
          "start": {
            "line": 5,
            "column": 54
          },
          "end": {
            "line": 5,
            "column": 68
          }
        },
        "type": "default-arg",
        "locations": [
          {
            "start": {
              "line": 5,
              "column": 63
            },
            "end": {
              "line": 5,
              "column": 68
            }
          }
        ],
        "line": 5
      },
      "1": {
        "loc": {
          "start": {
            "line": 10,
            "column": 20
          },
          "end": {
            "line": 10,
            "column": 47
          }
        },
        "type": "cond-expr",
        "locations": [
          {
            "start": {
              "line": 10,
              "column": 29
            },
            "end": {
              "line": 10,
              "column": 37
            }
          },
          {
            "start": {
              "line": 10,
              "column": 40
            },
            "end": {
              "line": 10,
              "column": 47
            }
          }
        ],
        "line": 10
      }
    },
    "s": {
      "0": 0
    },
    "f": {
      "0": 0
    },
    "b": {
      "0": [
        0
      ],
      "1": [
        0,
        0
      ]
    },
    "_coverageSchema": "1a1c01bbd47fc00a2c39e90264f33305004495a9",
    "hash": "12631e353fb5957c112205fb5a2b34eca828e1e9"
  },
  "C:\\Users\\Administrator\\Desktop\\MG.com\\maximiliangarmatsch.com\\src\\ui\\pages\\Landingpage\\components\\LoginButton.js": {
    "path": "C:\\Users\\Administrator\\Desktop\\MG.com\\maximiliangarmatsch.com\\src\\ui\\pages\\Landingpage\\components\\LoginButton.js",
    "statementMap": {
      "0": {
        "start": {
          "line": 11,
          "column": 8
        },
        "end": {
          "line": 11,
          "column": 18
        }
      },
      "1": {
        "start": {
          "line": 13,
          "column": 4
        },
        "end": {
          "line": 23,
          "column": 39
        }
      },
      "2": {
        "start": {
          "line": 14,
          "column": 25
        },
        "end": {
          "line": 21,
          "column": 9
        }
      },
      "3": {
        "start": {
          "line": 15,
          "column": 12
        },
        "end": {
          "line": 20,
          "column": 13
        }
      },
      "4": {
        "start": {
          "line": 16,
          "column": 30
        },
        "end": {
          "line": 16,
          "column": 60
        }
      },
      "5": {
        "start": {
          "line": 17,
          "column": 16
        },
        "end": {
          "line": 17,
          "column": 53
        }
      },
      "6": {
        "start": {
          "line": 19,
          "column": 16
        },
        "end": {
          "line": 19,
          "column": 49
        }
      },
      "7": {
        "start": {
          "line": 22,
          "column": 8
        },
        "end": {
          "line": 22,
          "column": 19
        }
      },
      "8": {
        "start": {
          "line": 25,
          "column": 4
        },
        "end": {
          "line": 52,
          "column": 6
        }
      },
      "9": {
        "start": {
          "line": 48,
          "column": 28
        },
        "end": {
          "line": 48,
          "column": 65
        }
      }
    },
    "fnMap": {
      "0": {
        "name": "LoginButton",
        "decl": {
          "start": {
            "line": 5,
            "column": 24
          },
          "end": {
            "line": 5,
            "column": 35
          }
        },
        "loc": {
          "start": {
            "line": 5,
            "column": 38
          },
          "end": {
            "line": 53,
            "column": 1
          }
        },
        "line": 5
      },
      "1": {
        "name": "(anonymous_1)",
        "decl": {
          "start": {
            "line": 13,
            "column": 14
          },
          "end": {
            "line": 13,
            "column": 15
          }
        },
        "loc": {
          "start": {
            "line": 13,
            "column": 20
          },
          "end": {
            "line": 23,
            "column": 5
          }
        },
        "line": 13
      },
      "2": {
        "name": "(anonymous_2)",
        "decl": {
          "start": {
            "line": 14,
            "column": 25
          },
          "end": {
            "line": 14,
            "column": 26
          }
        },
        "loc": {
          "start": {
            "line": 14,
            "column": 37
          },
          "end": {
            "line": 21,
            "column": 9
          }
        },
        "line": 14
      },
      "3": {
        "name": "(anonymous_3)",
        "decl": {
          "start": {
            "line": 48,
            "column": 21
          },
          "end": {
            "line": 48,
            "column": 22
          }
        },
        "loc": {
          "start": {
            "line": 48,
            "column": 28
          },
          "end": {
            "line": 48,
            "column": 65
          }
        },
        "line": 48
      }
    },
    "branchMap": {
      "0": {
        "loc": {
          "start": {
            "line": 15,
            "column": 12
          },
          "end": {
            "line": 20,
            "column": 13
          }
        },
        "type": "if",
        "locations": [
          {
            "start": {
              "line": 15,
              "column": 12
            },
            "end": {
              "line": 20,
              "column": 13
            }
          },
          {
            "start": {
              "line": 15,
              "column": 12
            },
            "end": {
              "line": 20,
              "column": 13
            }
          }
        ],
        "line": 15
      },
      "1": {
        "loc": {
          "start": {
            "line": 48,
            "column": 28
          },
          "end": {
            "line": 48,
            "column": 65
          }
        },
        "type": "cond-expr",
        "locations": [
          {
            "start": {
              "line": 48,
              "column": 35
            },
            "end": {
              "line": 48,
              "column": 43
            }
          },
          {
            "start": {
              "line": 48,
              "column": 46
            },
            "end": {
              "line": 48,
              "column": 65
            }
          }
        ],
        "line": 48
      },
      "2": {
        "loc": {
          "start": {
            "line": 50,
            "column": 13
          },
          "end": {
            "line": 50,
            "column": 38
          }
        },
        "type": "cond-expr",
        "locations": [
          {
            "start": {
              "line": 50,
              "column": 20
            },
            "end": {
              "line": 50,
              "column": 28
            }
          },
          {
            "start": {
              "line": 50,
              "column": 31
            },
            "end": {
              "line": 50,
              "column": 38
            }
          }
        ],
        "line": 50
      }
    },
    "s": {
      "0": 0,
      "1": 0,
      "2": 0,
      "3": 0,
      "4": 0,
      "5": 0,
      "6": 0,
      "7": 0,
      "8": 0,
      "9": 0
    },
    "f": {
      "0": 0,
      "1": 0,
      "2": 0,
      "3": 0
    },
    "b": {
      "0": [
        0,
        0
      ],
      "1": [
        0,
        0
      ],
      "2": [
        0,
        0
      ]
    },
    "_coverageSchema": "1a1c01bbd47fc00a2c39e90264f33305004495a9",
    "hash": "d94e63c67f10666da9ddeffcfa2c800b1fc841c8"
  },
  "C:\\Users\\Administrator\\Desktop\\MG.com\\maximiliangarmatsch.com\\src\\ui\\pages\\Landingpage\\LandingPageMobile.js": {
    "path": "C:\\Users\\Administrator\\Desktop\\MG.com\\maximiliangarmatsch.com\\src\\ui\\pages\\Landingpage\\LandingPageMobile.js",
    "statementMap": {
      "0": {
        "start": {
          "line": 11,
          "column": 4
        },
        "end": {
          "line": 40,
          "column": 6
        }
      }
    },
    "fnMap": {
      "0": {
        "name": "LandingPageMobile",
        "decl": {
          "start": {
            "line": 10,
            "column": 24
          },
          "end": {
            "line": 10,
            "column": 41
          }
        },
        "loc": {
          "start": {
            "line": 10,
            "column": 44
          },
          "end": {
            "line": 41,
            "column": 1
          }
        },
        "line": 10
      }
    },
    "branchMap": {},
    "s": {
      "0": 0
    },
    "f": {
      "0": 0
    },
    "b": {},
    "_coverageSchema": "1a1c01bbd47fc00a2c39e90264f33305004495a9",
    "hash": "06c192b1df353db9e66b98000206ab279d939935"
  },
  "C:\\Users\\Administrator\\Desktop\\MG.com\\maximiliangarmatsch.com\\src\\ui\\templates\\components\\CookieMessageDesktop.js": {
    "path": "C:\\Users\\Administrator\\Desktop\\MG.com\\maximiliangarmatsch.com\\src\\ui\\templates\\components\\CookieMessageDesktop.js",
    "statementMap": {
      "0": {
        "start": {
          "line": 7,
          "column": 4
        },
        "end": {
          "line": 75,
          "column": 6
        }
      },
      "1": {
        "start": {
          "line": 35,
          "column": 24
        },
        "end": {
          "line": 39,
          "column": 31
        }
      },
      "2": {
        "start": {
          "line": 43,
          "column": 24
        },
        "end": {
          "line": 53,
          "column": 31
        }
      }
    },
    "fnMap": {
      "0": {
        "name": "CookieMessageDesktop",
        "decl": {
          "start": {
            "line": 6,
            "column": 24
          },
          "end": {
            "line": 6,
            "column": 44
          }
        },
        "loc": {
          "start": {
            "line": 6,
            "column": 63
          },
          "end": {
            "line": 76,
            "column": 1
          }
        },
        "line": 6
      },
      "1": {
        "name": "(anonymous_1)",
        "decl": {
          "start": {
            "line": 34,
            "column": 28
          },
          "end": {
            "line": 34,
            "column": 29
          }
        },
        "loc": {
          "start": {
            "line": 35,
            "column": 24
          },
          "end": {
            "line": 39,
            "column": 31
          }
        },
        "line": 35
      },
      "2": {
        "name": "(anonymous_2)",
        "decl": {
          "start": {
            "line": 42,
            "column": 28
          },
          "end": {
            "line": 42,
            "column": 29
          }
        },
        "loc": {
          "start": {
            "line": 43,
            "column": 24
          },
          "end": {
            "line": 53,
            "column": 31
          }
        },
        "line": 43
      }
    },
    "branchMap": {},
    "s": {
      "0": 0,
      "1": 0,
      "2": 0
    },
    "f": {
      "0": 0,
      "1": 0,
      "2": 0
    },
    "b": {},
    "_coverageSchema": "1a1c01bbd47fc00a2c39e90264f33305004495a9",
    "hash": "04380393b110651d8db05f12c9814b530f477d39"
  },
  "C:\\Users\\Administrator\\Desktop\\MG.com\\maximiliangarmatsch.com\\src\\ui\\pages\\Landingpage\\components\\BackgroundLayerDesktop.js": {
    "path": "C:\\Users\\Administrator\\Desktop\\MG.com\\maximiliangarmatsch.com\\src\\ui\\pages\\Landingpage\\components\\BackgroundLayerDesktop.js",
    "statementMap": {
      "0": {
        "start": {
          "line": 7,
          "column": 54
        },
        "end": {
          "line": 7,
          "column": 69
        }
      },
      "1": {
        "start": {
          "line": 9,
          "column": 4
        },
        "end": {
          "line": 13,
          "column": 28
        }
      },
      "2": {
        "start": {
          "line": 10,
          "column": 8
        },
        "end": {
          "line": 12,
          "column": 9
        }
      },
      "3": {
        "start": {
          "line": 11,
          "column": 12
        },
        "end": {
          "line": 11,
          "column": 39
        }
      },
      "4": {
        "start": {
          "line": 15,
          "column": 25
        },
        "end": {
          "line": 18,
          "column": 5
        }
      },
      "5": {
        "start": {
          "line": 16,
          "column": 8
        },
        "end": {
          "line": 16,
          "column": 36
        }
      },
      "6": {
        "start": {
          "line": 17,
          "column": 8
        },
        "end": {
          "line": 17,
          "column": 51
        }
      },
      "7": {
        "start": {
          "line": 20,
          "column": 4
        },
        "end": {
          "line": 58,
          "column": 6
        }
      }
    },
    "fnMap": {
      "0": {
        "name": "BackgroundLayerDesktop",
        "decl": {
          "start": {
            "line": 6,
            "column": 24
          },
          "end": {
            "line": 6,
            "column": 46
          }
        },
        "loc": {
          "start": {
            "line": 6,
            "column": 61
          },
          "end": {
            "line": 59,
            "column": 1
          }
        },
        "line": 6
      },
      "1": {
        "name": "(anonymous_1)",
        "decl": {
          "start": {
            "line": 9,
            "column": 14
          },
          "end": {
            "line": 9,
            "column": 15
          }
        },
        "loc": {
          "start": {
            "line": 9,
            "column": 20
          },
          "end": {
            "line": 13,
            "column": 5
          }
        },
        "line": 9
      },
      "2": {
        "name": "(anonymous_2)",
        "decl": {
          "start": {
            "line": 15,
            "column": 25
          },
          "end": {
            "line": 15,
            "column": 26
          }
        },
        "loc": {
          "start": {
            "line": 15,
            "column": 31
          },
          "end": {
            "line": 18,
            "column": 5
          }
        },
        "line": 15
      }
    },
    "branchMap": {
      "0": {
        "loc": {
          "start": {
            "line": 10,
            "column": 8
          },
          "end": {
            "line": 12,
            "column": 9
          }
        },
        "type": "if",
        "locations": [
          {
            "start": {
              "line": 10,
              "column": 8
            },
            "end": {
              "line": 12,
              "column": 9
            }
          },
          {
            "start": {
              "line": 10,
              "column": 8
            },
            "end": {
              "line": 12,
              "column": 9
            }
          }
        ],
        "line": 10
      },
      "1": {
        "loc": {
          "start": {
            "line": 10,
            "column": 12
          },
          "end": {
            "line": 10,
            "column": 71
          }
        },
        "type": "binary-expr",
        "locations": [
          {
            "start": {
              "line": 10,
              "column": 12
            },
            "end": {
              "line": 10,
              "column": 49
            }
          },
          {
            "start": {
              "line": 10,
              "column": 53
            },
            "end": {
              "line": 10,
              "column": 71
            }
          }
        ],
        "line": 10
      },
      "2": {
        "loc": {
          "start": {
            "line": 45,
            "column": 20
          },
          "end": {
            "line": 48,
            "column": 17
          }
        },
        "type": "binary-expr",
        "locations": [
          {
            "start": {
              "line": 45,
              "column": 20
            },
            "end": {
              "line": 45,
              "column": 37
            }
          },
          {
            "start": {
              "line": 46,
              "column": 20
            },
            "end": {
              "line": 48,
              "column": 17
            }
          }
        ],
        "line": 45
      },
      "3": {
        "loc": {
          "start": {
            "line": 52,
            "column": 13
          },
          "end": {
            "line": 56,
            "column": 13
          }
        },
        "type": "cond-expr",
        "locations": [
          {
            "start": {
              "line": 53,
              "column": 16
            },
            "end": {
              "line": 53,
              "column": 68
            }
          },
          {
            "start": {
              "line": 55,
              "column": 16
            },
            "end": {
              "line": 55,
              "column": 24
            }
          }
        ],
        "line": 52
      }
    },
    "s": {
      "0": 0,
      "1": 0,
      "2": 0,
      "3": 0,
      "4": 0,
      "5": 0,
      "6": 0,
      "7": 0
    },
    "f": {
      "0": 0,
      "1": 0,
      "2": 0
    },
    "b": {
      "0": [
        0,
        0
      ],
      "1": [
        0,
        0
      ],
      "2": [
        0,
        0
      ],
      "3": [
        0,
        0
      ]
    },
    "_coverageSchema": "1a1c01bbd47fc00a2c39e90264f33305004495a9",
    "hash": "d99970bdd1cb3416100dd2929d112252f6cd9992"
  },
  "C:\\Users\\Administrator\\Desktop\\MG.com\\maximiliangarmatsch.com\\src\\ui\\pages\\Landingpage\\components\\UserNameText.js": {
    "path": "C:\\Users\\Administrator\\Desktop\\MG.com\\maximiliangarmatsch.com\\src\\ui\\pages\\Landingpage\\components\\UserNameText.js",
    "statementMap": {
      "0": {
        "start": {
          "line": 6,
          "column": 21
        },
        "end": {
          "line": 6,
          "column": 31
        }
      },
      "1": {
        "start": {
          "line": 7,
          "column": 4
        },
        "end": {
          "line": 33,
          "column": 6
        }
      }
    },
    "fnMap": {
      "0": {
        "name": "UserNameText",
        "decl": {
          "start": {
            "line": 5,
            "column": 24
          },
          "end": {
            "line": 5,
            "column": 36
          }
        },
        "loc": {
          "start": {
            "line": 5,
            "column": 44
          },
          "end": {
            "line": 34,
            "column": 1
          }
        },
        "line": 5
      }
    },
    "branchMap": {
      "0": {
        "loc": {
          "start": {
            "line": 31,
            "column": 13
          },
          "end": {
            "line": 31,
            "column": 39
          }
        },
        "type": "cond-expr",
        "locations": [
          {
            "start": {
              "line": 31,
              "column": 20
            },
            "end": {
              "line": 31,
              "column": 29
            }
          },
          {
            "start": {
              "line": 31,
              "column": 32
            },
            "end": {
              "line": 31,
              "column": 39
            }
          }
        ],
        "line": 31
      }
    },
    "s": {
      "0": 0,
      "1": 0
    },
    "f": {
      "0": 0
    },
    "b": {
      "0": [
        0,
        0
      ]
    },
    "_coverageSchema": "1a1c01bbd47fc00a2c39e90264f33305004495a9",
    "hash": "13f7bf0c34bf17317d4935fdb0d1976ab0f31d68"
  },
  "C:\\Users\\Administrator\\Desktop\\MG.com\\maximiliangarmatsch.com\\src\\ui\\pages\\Landingpage\\LandingPageDesktop.js": {
    "path": "C:\\Users\\Administrator\\Desktop\\MG.com\\maximiliangarmatsch.com\\src\\ui\\pages\\Landingpage\\LandingPageDesktop.js",
    "statementMap": {
      "0": {
        "start": {
          "line": 12,
          "column": 4
        },
        "end": {
          "line": 47,
          "column": 6
        }
      }
    },
    "fnMap": {
      "0": {
        "name": "LandingPageDesktop",
        "decl": {
          "start": {
            "line": 11,
            "column": 24
          },
          "end": {
            "line": 11,
            "column": 42
          }
        },
        "loc": {
          "start": {
            "line": 11,
            "column": 45
          },
          "end": {
            "line": 48,
            "column": 1
          }
        },
        "line": 11
      }
    },
    "branchMap": {},
    "s": {
      "0": 0
    },
    "f": {
      "0": 0
    },
    "b": {},
    "_coverageSchema": "1a1c01bbd47fc00a2c39e90264f33305004495a9",
    "hash": "2d8a12300d2d9c84b2e8c6b02ee154cfb6a20fea"
  },
  "C:\\Users\\Administrator\\Desktop\\MG.com\\maximiliangarmatsch.com\\src\\ui\\pages\\Landingpage\\Landingpage.js": {
    "path": "C:\\Users\\Administrator\\Desktop\\MG.com\\maximiliangarmatsch.com\\src\\ui\\pages\\Landingpage\\Landingpage.js",
    "statementMap": {
      "0": {
        "start": {
          "line": 7,
          "column": 22
        },
        "end": {
          "line": 7,
          "column": 45
        }
      },
      "1": {
        "start": {
          "line": 9,
          "column": 4
        },
        "end": {
          "line": 9,
          "column": 78
        }
      }
    },
    "fnMap": {
      "0": {
        "name": "Landingpage",
        "decl": {
          "start": {
            "line": 6,
            "column": 24
          },
          "end": {
            "line": 6,
            "column": 35
          }
        },
        "loc": {
          "start": {
            "line": 6,
            "column": 38
          },
          "end": {
            "line": 10,
            "column": 1
          }
        },
        "line": 6
      }
    },
    "branchMap": {
      "0": {
        "loc": {
          "start": {
            "line": 9,
            "column": 14
          },
          "end": {
            "line": 9,
            "column": 73
          }
        },
        "type": "cond-expr",
        "locations": [
          {
            "start": {
              "line": 9,
              "column": 27
            },
            "end": {
              "line": 9,
              "column": 48
            }
          },
          {
            "start": {
              "line": 9,
              "column": 51
            },
            "end": {
              "line": 9,
              "column": 73
            }
          }
        ],
        "line": 9
      }
    },
    "s": {
      "0": 0,
      "1": 0
    },
    "f": {
      "0": 0
    },
    "b": {
      "0": [
        0,
        0
      ]
    },
    "_coverageSchema": "1a1c01bbd47fc00a2c39e90264f33305004495a9",
    "hash": "1a2ae28c16c0882b971f59fd101e68759a092141"
  },
  "C:\\Users\\Administrator\\Desktop\\MG.com\\maximiliangarmatsch.com\\src\\ui\\pages\\Impressum\\sections\\TextAdress.js": {
    "path": "C:\\Users\\Administrator\\Desktop\\MG.com\\maximiliangarmatsch.com\\src\\ui\\pages\\Impressum\\sections\\TextAdress.js",
    "statementMap": {
      "0": {
        "start": {
          "line": 6,
          "column": 4
        },
        "end": {
          "line": 17,
          "column": 6
        }
      }
    },
    "fnMap": {
      "0": {
        "name": "TextAdress",
        "decl": {
          "start": {
            "line": 5,
            "column": 24
          },
          "end": {
            "line": 5,
            "column": 34
          }
        },
        "loc": {
          "start": {
            "line": 5,
            "column": 37
          },
          "end": {
            "line": 18,
            "column": 1
          }
        },
        "line": 5
      }
    },
    "branchMap": {},
    "s": {
      "0": 2
    },
    "f": {
      "0": 2
    },
    "b": {},
    "_coverageSchema": "1a1c01bbd47fc00a2c39e90264f33305004495a9",
    "hash": "97358c6950f28d5df5709f67b4d3f107f2311079"
  },
  "C:\\Users\\Administrator\\Desktop\\MG.com\\maximiliangarmatsch.com\\src\\ui\\pages\\Impressum\\components\\Base.js": {
    "path": "C:\\Users\\Administrator\\Desktop\\MG.com\\maximiliangarmatsch.com\\src\\ui\\pages\\Impressum\\components\\Base.js",
    "statementMap": {
      "0": {
        "start": {
          "line": 5,
          "column": 4
        },
        "end": {
          "line": 16,
          "column": 6
        }
      },
      "1": {
        "start": {
          "line": 20,
          "column": 4
        },
        "end": {
          "line": 24,
          "column": 6
        }
      },
      "2": {
        "start": {
          "line": 28,
          "column": 4
        },
        "end": {
          "line": 32,
          "column": 6
        }
      }
    },
    "fnMap": {
      "0": {
        "name": "H1",
        "decl": {
          "start": {
            "line": 4,
            "column": 16
          },
          "end": {
            "line": 4,
            "column": 18
          }
        },
        "loc": {
          "start": {
            "line": 4,
            "column": 33
          },
          "end": {
            "line": 17,
            "column": 1
          }
        },
        "line": 4
      },
      "1": {
        "name": "H2",
        "decl": {
          "start": {
            "line": 19,
            "column": 16
          },
          "end": {
            "line": 19,
            "column": 18
          }
        },
        "loc": {
          "start": {
            "line": 19,
            "column": 33
          },
          "end": {
            "line": 25,
            "column": 1
          }
        },
        "line": 19
      },
      "2": {
        "name": "P",
        "decl": {
          "start": {
            "line": 27,
            "column": 16
          },
          "end": {
            "line": 27,
            "column": 17
          }
        },
        "loc": {
          "start": {
            "line": 27,
            "column": 32
          },
          "end": {
            "line": 33,
            "column": 1
          }
        },
        "line": 27
      }
    },
    "branchMap": {},
    "s": {
      "0": 6,
      "1": 54,
      "2": 60
    },
    "f": {
      "0": 6,
      "1": 54,
      "2": 60
    },
    "b": {},
    "_coverageSchema": "1a1c01bbd47fc00a2c39e90264f33305004495a9",
    "hash": "89e379ddf765c6b69f701063775e36d9d1132e69"
  },
  "C:\\Users\\Administrator\\Desktop\\MG.com\\maximiliangarmatsch.com\\src\\ui\\pages\\Impressum\\sections\\PrivacyPolicy\\1_InformationCollection.js": {
    "path": "C:\\Users\\Administrator\\Desktop\\MG.com\\maximiliangarmatsch.com\\src\\ui\\pages\\Impressum\\sections\\PrivacyPolicy\\1_InformationCollection.js",
    "statementMap": {
      "0": {
        "start": {
          "line": 6,
          "column": 4
        },
        "end": {
          "line": 36,
          "column": 6
        }
      }
    },
    "fnMap": {
      "0": {
        "name": "InformationCollection",
        "decl": {
          "start": {
            "line": 5,
            "column": 24
          },
          "end": {
            "line": 5,
            "column": 45
          }
        },
        "loc": {
          "start": {
            "line": 5,
            "column": 48
          },
          "end": {
            "line": 37,
            "column": 1
          }
        },
        "line": 5
      }
    },
    "branchMap": {},
    "s": {
      "0": 2
    },
    "f": {
      "0": 2
    },
    "b": {},
    "_coverageSchema": "1a1c01bbd47fc00a2c39e90264f33305004495a9",
    "hash": "5d2b58466a2b42da43a4a0f2be50679ca377634b"
  },
  "C:\\Users\\Administrator\\Desktop\\MG.com\\maximiliangarmatsch.com\\src\\ui\\pages\\Impressum\\sections\\PrivacyPolicy\\2_Children.js": {
    "path": "C:\\Users\\Administrator\\Desktop\\MG.com\\maximiliangarmatsch.com\\src\\ui\\pages\\Impressum\\sections\\PrivacyPolicy\\2_Children.js",
    "statementMap": {
      "0": {
        "start": {
          "line": 6,
          "column": 4
        },
        "end": {
          "line": 15,
          "column": 6
        }
      }
    },
    "fnMap": {
      "0": {
        "name": "Children",
        "decl": {
          "start": {
            "line": 5,
            "column": 24
          },
          "end": {
            "line": 5,
            "column": 32
          }
        },
        "loc": {
          "start": {
            "line": 5,
            "column": 35
          },
          "end": {
            "line": 16,
            "column": 1
          }
        },
        "line": 5
      }
    },
    "branchMap": {},
    "s": {
      "0": 2
    },
    "f": {
      "0": 2
    },
    "b": {},
    "_coverageSchema": "1a1c01bbd47fc00a2c39e90264f33305004495a9",
    "hash": "67f88fcad4887b5319d629b8c381069136a458de"
  },
  "C:\\Users\\Administrator\\Desktop\\MG.com\\maximiliangarmatsch.com\\src\\ui\\pages\\Impressum\\sections\\PrivacyPolicy\\3_CommunicationWithYou.js": {
    "path": "C:\\Users\\Administrator\\Desktop\\MG.com\\maximiliangarmatsch.com\\src\\ui\\pages\\Impressum\\sections\\PrivacyPolicy\\3_CommunicationWithYou.js",
    "statementMap": {
      "0": {
        "start": {
          "line": 6,
          "column": 4
        },
        "end": {
          "line": 15,
          "column": 6
        }
      }
    },
    "fnMap": {
      "0": {
        "name": "CommunicationWithYou",
        "decl": {
          "start": {
            "line": 5,
            "column": 24
          },
          "end": {
            "line": 5,
            "column": 44
          }
        },
        "loc": {
          "start": {
            "line": 5,
            "column": 47
          },
          "end": {
            "line": 16,
            "column": 1
          }
        },
        "line": 5
      }
    },
    "branchMap": {},
    "s": {
      "0": 2
    },
    "f": {
      "0": 2
    },
    "b": {},
    "_coverageSchema": "1a1c01bbd47fc00a2c39e90264f33305004495a9",
    "hash": "35b0caaddad222f90e9dfd80ea40d65182f3e63e"
  },
  "C:\\Users\\Administrator\\Desktop\\MG.com\\maximiliangarmatsch.com\\src\\ui\\pages\\Impressum\\sections\\PrivacyPolicy\\4_AccessAndControl.js": {
    "path": "C:\\Users\\Administrator\\Desktop\\MG.com\\maximiliangarmatsch.com\\src\\ui\\pages\\Impressum\\sections\\PrivacyPolicy\\4_AccessAndControl.js",
    "statementMap": {
      "0": {
        "start": {
          "line": 6,
          "column": 4
        },
        "end": {
          "line": 32,
          "column": 6
        }
      }
    },
    "fnMap": {
      "0": {
        "name": "AccessAndControl",
        "decl": {
          "start": {
            "line": 5,
            "column": 24
          },
          "end": {
            "line": 5,
            "column": 40
          }
        },
        "loc": {
          "start": {
            "line": 5,
            "column": 43
          },
          "end": {
            "line": 33,
            "column": 1
          }
        },
        "line": 5
      }
    },
    "branchMap": {},
    "s": {
      "0": 2
    },
    "f": {
      "0": 2
    },
    "b": {},
    "_coverageSchema": "1a1c01bbd47fc00a2c39e90264f33305004495a9",
    "hash": "cc71066f3f01ef5b3e0c7b2c001c94b80cd5666f"
  },
  "C:\\Users\\Administrator\\Desktop\\MG.com\\maximiliangarmatsch.com\\src\\ui\\pages\\Impressum\\sections\\PrivacyPolicy\\5_SecurityAndInformation.js": {
    "path": "C:\\Users\\Administrator\\Desktop\\MG.com\\maximiliangarmatsch.com\\src\\ui\\pages\\Impressum\\sections\\PrivacyPolicy\\5_SecurityAndInformation.js",
    "statementMap": {
      "0": {
        "start": {
          "line": 6,
          "column": 4
        },
        "end": {
          "line": 35,
          "column": 6
        }
      }
    },
    "fnMap": {
      "0": {
        "name": "SecurityAndInformation",
        "decl": {
          "start": {
            "line": 5,
            "column": 24
          },
          "end": {
            "line": 5,
            "column": 46
          }
        },
        "loc": {
          "start": {
            "line": 5,
            "column": 49
          },
          "end": {
            "line": 36,
            "column": 1
          }
        },
        "line": 5
      }
    },
    "branchMap": {},
    "s": {
      "0": 2
    },
    "f": {
      "0": 2
    },
    "b": {},
    "_coverageSchema": "1a1c01bbd47fc00a2c39e90264f33305004495a9",
    "hash": "bb3635c97ef7a9ab275170242d305ed90d9413df"
  },
  "C:\\Users\\Administrator\\Desktop\\MG.com\\maximiliangarmatsch.com\\src\\ui\\pages\\Impressum\\sections\\PrivacyPolicy\\6_DataRetention.js": {
    "path": "C:\\Users\\Administrator\\Desktop\\MG.com\\maximiliangarmatsch.com\\src\\ui\\pages\\Impressum\\sections\\PrivacyPolicy\\6_DataRetention.js",
    "statementMap": {
      "0": {
        "start": {
          "line": 6,
          "column": 4
        },
        "end": {
          "line": 26,
          "column": 6
        }
      }
    },
    "fnMap": {
      "0": {
        "name": "DataRetention",
        "decl": {
          "start": {
            "line": 5,
            "column": 24
          },
          "end": {
            "line": 5,
            "column": 37
          }
        },
        "loc": {
          "start": {
            "line": 5,
            "column": 40
          },
          "end": {
            "line": 27,
            "column": 1
          }
        },
        "line": 5
      }
    },
    "branchMap": {},
    "s": {
      "0": 2
    },
    "f": {
      "0": 2
    },
    "b": {},
    "_coverageSchema": "1a1c01bbd47fc00a2c39e90264f33305004495a9",
    "hash": "6b48dd5ba9bc1518fe99587db79a0aa4ef0bd76f"
  },
  "C:\\Users\\Administrator\\Desktop\\MG.com\\maximiliangarmatsch.com\\src\\ui\\pages\\Impressum\\sections\\PrivacyPolicy\\7_LinksToOtherWebsites.js": {
    "path": "C:\\Users\\Administrator\\Desktop\\MG.com\\maximiliangarmatsch.com\\src\\ui\\pages\\Impressum\\sections\\PrivacyPolicy\\7_LinksToOtherWebsites.js",
    "statementMap": {
      "0": {
        "start": {
          "line": 6,
          "column": 4
        },
        "end": {
          "line": 15,
          "column": 6
        }
      }
    },
    "fnMap": {
      "0": {
        "name": "LinksToOtherWebsites",
        "decl": {
          "start": {
            "line": 5,
            "column": 24
          },
          "end": {
            "line": 5,
            "column": 44
          }
        },
        "loc": {
          "start": {
            "line": 5,
            "column": 47
          },
          "end": {
            "line": 16,
            "column": 1
          }
        },
        "line": 5
      }
    },
    "branchMap": {},
    "s": {
      "0": 2
    },
    "f": {
      "0": 2
    },
    "b": {},
    "_coverageSchema": "1a1c01bbd47fc00a2c39e90264f33305004495a9",
    "hash": "ab8cf338f6a9b70971f9002f65cfb2da1803bebb"
  },
  "C:\\Users\\Administrator\\Desktop\\MG.com\\maximiliangarmatsch.com\\src\\ui\\pages\\Impressum\\sections\\PrivacyPolicy\\8_TermsOfService.js": {
    "path": "C:\\Users\\Administrator\\Desktop\\MG.com\\maximiliangarmatsch.com\\src\\ui\\pages\\Impressum\\sections\\PrivacyPolicy\\8_TermsOfService.js",
    "statementMap": {
      "0": {
        "start": {
[...]
        "name": "ForYouIWillBody",
        "decl": {
          "start": {
            "line": 20,
            "column": 24
          },
          "end": {
            "line": 20,
            "column": 39
          }
        },
        "loc": {
          "start": {
            "line": 20,
            "column": 42
          },
          "end": {
            "line": 64,
            "column": 1
          }
        },
        "line": 20
      }
    },
    "branchMap": {},
    "s": {
      "0": 1,
      "1": 0,
      "2": 0,
      "3": 0,
      "4": 0
    },
    "f": {
      "0": 0,
      "1": 0,
      "2": 0,
      "3": 0
    },
    "b": {},
    "_coverageSchema": "1a1c01bbd47fc00a2c39e90264f33305004495a9",
    "hash": "9a91eeddef69b8bb9d32ea24fd25813a7fd8bbb0"
  },
  "C:\\Users\\Administrator\\Desktop\\MG.com\\maximiliangarmatsch.com\\src\\ui\\pages\\ForYouIWill\\ForYouIWill.js": {
    "path": "C:\\Users\\Administrator\\Desktop\\MG.com\\maximiliangarmatsch.com\\src\\ui\\pages\\ForYouIWill\\ForYouIWill.js",
    "statementMap": {
      "0": {
        "start": {
          "line": 9,
          "column": 22
        },
        "end": {
          "line": 9,
          "column": 45
        }
      },
      "1": {
        "start": {
          "line": 10,
          "column": 29
        },
        "end": {
          "line": 14,
          "column": 5
        }
      },
      "2": {
        "start": {
          "line": 15,
          "column": 4
        },
        "end": {
          "line": 27,
          "column": 6
        }
      }
    },
    "fnMap": {
      "0": {
        "name": "ForYouIWill",
        "decl": {
          "start": {
            "line": 8,
            "column": 24
          },
          "end": {
            "line": 8,
            "column": 35
          }
        },
        "loc": {
          "start": {
            "line": 8,
            "column": 38
          },
          "end": {
            "line": 28,
            "column": 1
          }
        },
        "line": 8
      }
    },
    "branchMap": {
      "0": {
        "loc": {
          "start": {
            "line": 17,
            "column": 13
          },
          "end": {
            "line": 25,
            "column": 13
          }
        },
        "type": "cond-expr",
        "locations": [
          {
            "start": {
              "line": 18,
              "column": 16
            },
            "end": {
              "line": 20,
              "column": 39
            }
          },
          {
            "start": {
              "line": 22,
              "column": 16
            },
            "end": {
              "line": 24,
              "column": 38
            }
          }
        ],
        "line": 17
      }
    },
    "s": {
      "0": 0,
      "1": 0,
      "2": 0
    },
    "f": {
      "0": 0
    },
    "b": {
      "0": [
        0,
        0
      ]
    },
    "_coverageSchema": "1a1c01bbd47fc00a2c39e90264f33305004495a9",
    "hash": "2fb13b9d36113fa6d2d037862698473f19f78174"
  },
  "C:\\Users\\Administrator\\Desktop\\MG.com\\maximiliangarmatsch.com\\src\\ui\\pages\\LetsGetStarted\\components\\CountSection.js": {
    "path": "C:\\Users\\Administrator\\Desktop\\MG.com\\maximiliangarmatsch.com\\src\\ui\\pages\\LetsGetStarted\\components\\CountSection.js",
    "statementMap": {
      "0": {
        "start": {
          "line": 5,
          "column": 4
        },
        "end": {
          "line": 23,
          "column": 6
        }
      }
    },
    "fnMap": {
      "0": {
        "name": "CountSection",
        "decl": {
          "start": {
            "line": 4,
            "column": 24
          },
          "end": {
            "line": 4,
            "column": 36
          }
        },
        "loc": {
          "start": {
            "line": 4,
            "column": 59
          },
          "end": {
            "line": 24,
            "column": 1
          }
        },
        "line": 4
      }
    },
    "branchMap": {},
    "s": {
      "0": 0
    },
    "f": {
      "0": 0
    },
    "b": {},
    "_coverageSchema": "1a1c01bbd47fc00a2c39e90264f33305004495a9",
    "hash": "8421ebce7d618101649016ceffe181952e11d2ed"
  },
  "C:\\Users\\Administrator\\Desktop\\MG.com\\maximiliangarmatsch.com\\src\\ui\\pages\\LetsGetStarted\\LetsGetStartedBody.js": {
    "path": "C:\\Users\\Administrator\\Desktop\\MG.com\\maximiliangarmatsch.com\\src\\ui\\pages\\LetsGetStarted\\LetsGetStartedBody.js",
    "statementMap": {
      "0": {
        "start": {
          "line": 6,
          "column": 21
        },
        "end": {
          "line": 37,
          "column": 1
        }
      },
      "1": {
        "start": {
          "line": 8,
          "column": 8
        },
        "end": {
          "line": 14,
          "column": 15
        }
      },
      "2": {
        "start": {
          "line": 18,
          "column": 8
        },
        "end": {
          "line": 25,
          "column": 15
        }
      },
      "3": {
        "start": {
          "line": 28,
          "column": 8
        },
        "end": {
          "line": 35,
          "column": 15
        }
      },
      "4": {
        "start": {
          "line": 39,
          "column": 4
        },
        "end": {
          "line": 78,
          "column": 6
        }
      }
    },
    "fnMap": {
      "0": {
        "name": "(anonymous_0)",
        "decl": {
          "start": {
            "line": 7,
            "column": 11
          },
          "end": {
            "line": 7,
            "column": 12
          }
        },
        "loc": {
          "start": {
            "line": 8,
            "column": 8
          },
          "end": {
            "line": 14,
            "column": 15
          }
        },
        "line": 8
      },
      "1": {
        "name": "(anonymous_1)",
        "decl": {
          "start": {
            "line": 17,
            "column": 7
          },
          "end": {
            "line": 17,
            "column": 8
          }
        },
        "loc": {
          "start": {
            "line": 18,
            "column": 8
          },
          "end": {
            "line": 25,
            "column": 15
          }
        },
        "line": 18
      },
      "2": {
        "name": "(anonymous_2)",
        "decl": {
          "start": {
            "line": 27,
            "column": 14
          },
          "end": {
            "line": 27,
            "column": 15
          }
        },
        "loc": {
          "start": {
            "line": 28,
            "column": 8
          },
          "end": {
            "line": 35,
            "column": 15
          }
        },
        "line": 28
      },
      "3": {
        "name": "LetsGetStartedBody",
        "decl": {
          "start": {
            "line": 38,
            "column": 24
          },
          "end": {
            "line": 38,
            "column": 42
          }
        },
        "loc": {
          "start": {
            "line": 38,
            "column": 45
          },
          "end": {
            "line": 79,
            "column": 1
          }
        },
        "line": 38
      }
    },
    "branchMap": {},
    "s": {
      "0": 1,
      "1": 0,
      "2": 0,
      "3": 0,
      "4": 0
    },
    "f": {
      "0": 0,
      "1": 0,
      "2": 0,
      "3": 0
    },
    "b": {},
    "_coverageSchema": "1a1c01bbd47fc00a2c39e90264f33305004495a9",
    "hash": "12f1de4cc8a3e8587ee9aa9e884b9c9963204a4d"
  },
  "C:\\Users\\Administrator\\Desktop\\MG.com\\maximiliangarmatsch.com\\src\\ui\\pages\\LetsGetStarted\\LetsGetStarted.js": {
    "path": "C:\\Users\\Administrator\\Desktop\\MG.com\\maximiliangarmatsch.com\\src\\ui\\pages\\LetsGetStarted\\LetsGetStarted.js",
    "statementMap": {
      "0": {
        "start": {
          "line": 9,
          "column": 22
        },
        "end": {
          "line": 9,
          "column": 45
        }
      },
      "1": {
        "start": {
          "line": 10,
          "column": 29
        },
        "end": {
          "line": 17,
          "column": 5
        }
      },
      "2": {
        "start": {
          "line": 18,
          "column": 4
        },
        "end": {
          "line": 30,
          "column": 6
        }
      }
    },
    "fnMap": {
      "0": {
        "name": "LetsGetStarted",
        "decl": {
          "start": {
            "line": 8,
            "column": 24
          },
          "end": {
            "line": 8,
            "column": 38
          }
        },
        "loc": {
          "start": {
            "line": 8,
            "column": 41
          },
          "end": {
            "line": 31,
            "column": 1
          }
        },
        "line": 8
      }
    },
    "branchMap": {
      "0": {
        "loc": {
          "start": {
            "line": 20,
            "column": 13
          },
          "end": {
            "line": 28,
            "column": 13
          }
        },
        "type": "cond-expr",
        "locations": [
          {
            "start": {
              "line": 21,
              "column": 16
            },
            "end": {
              "line": 23,
              "column": 39
            }
          },
          {
            "start": {
              "line": 25,
              "column": 16
            },
            "end": {
              "line": 27,
              "column": 38
            }
          }
        ],
        "line": 20
      }
    },
    "s": {
      "0": 0,
      "1": 0,
      "2": 0
    },
    "f": {
      "0": 0
    },
    "b": {
      "0": [
        0,
        0
      ]
    },
    "_coverageSchema": "1a1c01bbd47fc00a2c39e90264f33305004495a9",
    "hash": "d4c9fab1bfecae23982bad660f68862fa39d17fe"
  },
  "C:\\Users\\Administrator\\Desktop\\MG.com\\maximiliangarmatsch.com\\src\\ui\\pages\\Download\\DownloadCV.js": {
    "path": "C:\\Users\\Administrator\\Desktop\\MG.com\\maximiliangarmatsch.com\\src\\ui\\pages\\Download\\DownloadCV.js",
    "statementMap": {
      "0": {
        "start": {
          "line": 7,
          "column": 21
        },
        "end": {
          "line": 7,
          "column": 34
        }
      },
      "1": {
        "start": {
          "line": 9,
          "column": 15
        },
        "end": {
          "line": 9,
          "column": 17
        }
      },
      "2": {
        "start": {
          "line": 10,
          "column": 23
        },
        "end": {
          "line": 10,
          "column": 25
        }
      },
      "3": {
        "start": {
          "line": 12,
          "column": 4
        },
        "end": {
          "line": 15,
          "column": 5
        }
      },
      "4": {
        "start": {
          "line": 13,
          "column": 8
        },
        "end": {
          "line": 13,
          "column": 78
        }
      },
      "5": {
        "start": {
          "line": 14,
          "column": 8
        },
        "end": {
          "line": 14,
          "column": 78
        }
      },
      "6": {
        "start": {
          "line": 16,
          "column": 4
        },
        "end": {
          "line": 21,
          "column": 5
        }
      },
      "7": {
        "start": {
          "line": 17,
          "column": 8
        },
        "end": {
          "line": 18,
          "column": 83
        }
      },
      "8": {
        "start": {
          "line": 19,
          "column": 8
        },
        "end": {
          "line": 20,
          "column": 75
        }
      },
      "9": {
        "start": {
          "line": 23,
          "column": 4
        },
        "end": {
          "line": 28,
          "column": 48
        }
      },
      "10": {
        "start": {
          "line": 24,
          "column": 19
        },
        "end": {
          "line": 24,
          "column": 46
        }
      },
      "11": {
        "start": {
          "line": 25,
          "column": 8
        },
        "end": {
          "line": 25,
          "column": 25
        }
      },
      "12": {
        "start": {
          "line": 26,
          "column": 8
        },
        "end": {
          "line": 26,
          "column": 37
        }
      },
      "13": {
        "start": {
          "line": 27,
          "column": 8
        },
        "end": {
          "line": 27,
          "column": 52
        }
      },
      "14": {
        "start": {
          "line": 30,
          "column": 4
        },
        "end": {
          "line": 38,
          "column": 6
        }
      }
    },
    "fnMap": {
      "0": {
        "name": "DownloadCV",
        "decl": {
          "start": {
            "line": 6,
            "column": 24
          },
          "end": {
            "line": 6,
            "column": 34
          }
        },
        "loc": {
          "start": {
            "line": 6,
            "column": 37
          },
          "end": {
            "line": 39,
            "column": 1
          }
        },
        "line": 6
      },
      "1": {
        "name": "(anonymous_1)",
        "decl": {
          "start": {
            "line": 23,
            "column": 14
          },
          "end": {
            "line": 23,
            "column": 15
          }
        },
        "loc": {
          "start": {
            "line": 23,
            "column": 20
          },
          "end": {
            "line": 28,
            "column": 5
          }
        },
        "line": 23
      }
    },
    "branchMap": {
      "0": {
        "loc": {
          "start": {
            "line": 12,
            "column": 4
          },
          "end": {
            "line": 15,
            "column": 5
          }
        },
        "type": "if",
        "locations": [
          {
            "start": {
              "line": 12,
              "column": 4
            },
            "end": {
              "line": 15,
              "column": 5
            }
          },
          {
            "start": {
              "line": 12,
              "column": 4
            },
            "end": {
              "line": 15,
              "column": 5
            }
          }
        ],
        "line": 12
      },
      "1": {
        "loc": {
          "start": {
            "line": 16,
            "column": 4
          },
          "end": {
            "line": 21,
            "column": 5
          }
        },
        "type": "if",
        "locations": [
          {
            "start": {
              "line": 16,
              "column": 4
            },
            "end": {
              "line": 21,
              "column": 5
            }
          },
          {
            "start": {
              "line": 16,
              "column": 4
            },
            "end": {
              "line": 21,
              "column": 5
            }
          }
        ],
        "line": 16
      }
    },
    "s": {
      "0": 0,
      "1": 0,
      "2": 0,
      "3": 0,
      "4": 0,
      "5": 0,
      "6": 0,
      "7": 0,
      "8": 0,
      "9": 0,
      "10": 0,
      "11": 0,
      "12": 0,
      "13": 0,
      "14": 0
    },
    "f": {
      "0": 0,
      "1": 0
    },
    "b": {
      "0": [
        0,
        0
      ],
      "1": [
        0,
        0
      ]
    },
    "_coverageSchema": "1a1c01bbd47fc00a2c39e90264f33305004495a9",
    "hash": "7919c87b7621b136d92fe5c9dfca13efe0497da1"
  },
  "C:\\Users\\Administrator\\Desktop\\MG.com\\maximiliangarmatsch.com\\src\\ui\\App.js": {
    "path": "C:\\Users\\Administrator\\Desktop\\MG.com\\maximiliangarmatsch.com\\src\\ui\\App.js",
    "statementMap": {
      "0": {
        "start": {
          "line": 18,
          "column": 20
        },
        "end": {
          "line": 18,
          "column": 73
        }
      },
      "1": {
        "start": {
          "line": 20,
          "column": 4
        },
        "end": {
          "line": 62,
          "column": 6
        }
      },
      "2": {
        "start": {
          "line": 37,
          "column": 36
        },
        "end": {
          "line": 38,
          "column": 90
        }
      },
      "3": {
        "start": {
          "line": 65,
          "column": 17
        },
        "end": {
          "line": 78,
          "column": 1
        }
      }
    },
    "fnMap": {
      "0": {
        "name": "App",
        "decl": {
          "start": {
            "line": 17,
            "column": 24
          },
          "end": {
            "line": 17,
            "column": 27
          }
        },
        "loc": {
          "start": {
            "line": 17,
            "column": 30
          },
          "end": {
            "line": 63,
            "column": 1
          }
        },
        "line": 17
      },
      "1": {
        "name": "(anonymous_1)",
        "decl": {
          "start": {
            "line": 36,
            "column": 33
          },
          "end": {
            "line": 36,
            "column": 34
          }
        },
        "loc": {
          "start": {
            "line": 36,
            "column": 39
          },
          "end": {
            "line": 39,
            "column": 33
          }
        },
        "line": 36
      }
    },
    "branchMap": {},
    "s": {
      "0": 2,
      "1": 2,
      "2": 0,
      "3": 1
    },
    "f": {
      "0": 2,
      "1": 0
    },
    "b": {},
    "_coverageSchema": "1a1c01bbd47fc00a2c39e90264f33305004495a9",
    "hash": "0bf4624da01df1625a92d0fad57940d2ae26505b"
  },
  "C:\\Users\\Administrator\\Desktop\\MG.com\\maximiliangarmatsch.com\\src\\data\\apolloClient.js": {
    "path": "C:\\Users\\Administrator\\Desktop\\MG.com\\maximiliangarmatsch.com\\src\\data\\apolloClient.js",
    "statementMap": {
      "0": {
        "start": {
          "line": 3,
          "column": 14
        },
        "end": {
          "line": 3,
          "column": 33
        }
      },
      "1": {
        "start": {
          "line": 4,
          "column": 13
        },
        "end": {
          "line": 9,
          "column": 2
        }
      },
      "2": {
        "start": {
          "line": 11,
          "column": 21
        },
        "end": {
          "line": 11,
          "column": 54
        }
      }
    },
    "fnMap": {},
    "branchMap": {
      "0": {
        "loc": {
          "start": {
            "line": 7,
            "column": 23
          },
          "end": {
            "line": 7,
            "column": 58
          }
        },
        "type": "binary-expr",
        "locations": [
          {
            "start": {
              "line": 7,
              "column": 23
            },
            "end": {
              "line": 7,
              "column": 52
            }
          },
          {
            "start": {
              "line": 7,
              "column": 56
            },
            "end": {
              "line": 7,
              "column": 58
            }
          }
        ],
        "line": 7
      }
    },
    "s": {
      "0": 1,
      "1": 1,
      "2": 1
    },
    "f": {},
    "b": {
      "0": [
        1,
        1
      ]
    },
    "_coverageSchema": "1a1c01bbd47fc00a2c39e90264f33305004495a9",
    "hash": "94ccbfb06bbcd6bde21bbdbd9aeb37fd29cd860f"
  },
  "C:\\Users\\Administrator\\Desktop\\MG.com\\maximiliangarmatsch.com\\src\\index.js": {
    "path": "C:\\Users\\Administrator\\Desktop\\MG.com\\maximiliangarmatsch.com\\src\\index.js",
    "statementMap": {
      "0": {
        "start": {
          "line": 9,
          "column": 18
        },
        "end": {
          "line": 14,
          "column": 1
        }
      },
      "1": {
        "start": {
          "line": 16,
          "column": 0
        },
        "end": {
          "line": 25,
          "column": 2
        }
      }
    },
    "fnMap": {},
    "branchMap": {},
    "s": {
      "0": 1,
      "1": 1
    },
    "f": {},
    "b": {},
    "_coverageSchema": "1a1c01bbd47fc00a2c39e90264f33305004495a9",
    "hash": "4637617ab93deb9000520616af92f95ca5c3bfac"
  }
}